[2025-10-31 19:30:20] [0;34mโโโโโโโโโโโโโโโโโโโโโโโโโโโโโโโโโโโโโโโโโโ[0m
[2025-10-31 19:30:20] [0;34mโ   ๐ค BOT DE POSTAGEM AUTOMรTICA       โ[0m
[2025-10-31 19:30:20] [0;34mโ   โฐ Horรกrio: 14h (Brasรญlia)          โ[0m
[2025-10-31 19:30:20] [0;34mโโโโโโโโโโโโโโโโโโโโโโโโโโโโโโโโโโโโโโโโโโ[0m
[2025-10-31 19:30:20] 
[2025-10-31 19:30:20] [0;32m๐ Diretรณrio: /home/cdplx/Programaรงรฃo/twtbot[0m
[2025-10-31 19:30:20] [0;32m๐ Log: /home/cdplx/Programaรงรฃo/twtbot/auto_post.log[0m
[2025-10-31 19:30:20] [0;32m๐ Timezone: -03 (UTC-0300)[0m
[2025-10-31 19:30:20] 
[2025-10-31 19:30:20] [0;34mโณ Aguardando... Prรณxima execuรงรฃo: 01/11/2025 รs 14:00:00[0m
[2025-10-31 19:30:34] [0;31m๐ Script interrompido pelo usuรกrio[0m
[2025-10-31 19:30:40] [0;34mโโโโโโโโโโโโโโโโโโโโโโโโโโโโโโโโโโโโโโโโโโ[0m
[2025-10-31 19:30:40] [0;34mโ   ๐ค BOT DE POSTAGEM AUTOMรTICA       โ[0m
[2025-10-31 19:30:40] [0;34mโ   โฐ Horรกrio: 14h (Brasรญlia)          โ[0m
[2025-10-31 19:30:40] [0;34mโโโโโโโโโโโโโโโโโโโโโโโโโโโโโโโโโโโโโโโโโโ[0m
[2025-10-31 19:30:40] 
[2025-10-31 19:30:40] [0;32m๐ Diretรณrio: /home/cdplx/Programaรงรฃo/twtbot[0m
[2025-10-31 19:30:40] [0;32m๐ Log: /home/cdplx/Programaรงรฃo/twtbot/auto_post.log[0m
[2025-10-31 19:30:40] [0;32m๐ Timezone: -03 (UTC-0300)[0m
[2025-10-31 19:30:40] 
[2025-10-31 19:30:40] [0;34mโณ Aguardando... Prรณxima execuรงรฃo: 01/11/2025 รs 14:00:00[0m
[2025-11-02 19:00:42] [0;34mBOT DE POSTAGEM AUTOMรTICA[0m
[2025-11-02 19:00:42] [0;34mHorรกrio: 14h (Brasรญlia)[0m
[2025-11-02 19:00:42] 
[2025-11-02 19:00:42] [0;32mDiretรณrio: /home/cdplx/Programaรงรฃo/twtbot[0m
[2025-11-02 19:00:42] [0;32mLog: /home/cdplx/Programaรงรฃo/twtbot/auto_post.log[0m
[2025-11-02 19:00:42] [0;32mTimezone: -03 (UTC-0300)[0m
[2025-11-02 19:00:42] 
[2025-11-02 19:00:42] [0;34mAguardando... Prรณxima execuรงรฃo: 03/11/2025 รs 14:00:00[0m
